2020-06-10 14:02:42,509 INFO notifyConnectTimeout:200

2020-06-10 14:02:42,509 INFO notifySocketTimeout:8000

2020-06-10 14:02:42,510 INFO isHealthCheck:true

2020-06-10 14:02:42,510 INFO maxHealthCheckFailCount:12

2020-06-10 14:02:42,510 INFO maxContent:10485760

2020-06-10 14:02:49,742 INFO ServerListService address-server port:8848

2020-06-10 14:02:49,742 INFO ADDRESS_SERVER_URL:http://jmenv.tbsite.net:8080/nacos/serverlist

2020-06-10 14:02:49,743 WARN [serverlist] updated to [169.254.63.71]

2020-06-10 14:02:49,825 WARN DumpService start

2020-06-10 14:02:49,827 INFO start clear all config-info.

2020-06-10 14:02:49,832 WARN clear all config-info failed.

2020-06-10 14:02:49,832 WARN clear all config-info-tenant failed.

2020-06-10 14:02:49,901 INFO start clear all config-info-beta.

2020-06-10 14:02:49,901 WARN clear all config-info-beta failed.

2020-06-10 14:02:49,901 WARN clear all config-info-beta-tenant failed.

2020-06-10 14:02:49,912 INFO start clear all config-info-tag.

2020-06-10 14:02:49,912 WARN clear all config-info-tag failed.

2020-06-10 14:02:49,913 WARN clear all config-info-tag-tenant failed.

2020-06-10 15:43:44,660 INFO notifyConnectTimeout:200

2020-06-10 15:43:44,667 INFO notifySocketTimeout:8000

2020-06-10 15:43:44,667 INFO isHealthCheck:true

2020-06-10 15:43:44,667 INFO maxHealthCheckFailCount:12

2020-06-10 15:43:44,668 INFO maxContent:10485760

2020-06-10 15:43:46,955 INFO Schema 'NACOS' already exists.

2020-06-10 15:43:47,040 INFO Table/View 'CONFIG_INFO' already exists in Schema 'NACOS'.

2020-06-10 15:43:47,098 INFO Table/View 'HIS_CONFIG_INFO' already exists in Schema 'NACOS'.

2020-06-10 15:43:47,158 INFO Table/View 'CONFIG_INFO_BETA' already exists in Schema 'NACOS'.

2020-06-10 15:43:47,233 INFO Table/View 'CONFIG_INFO_TAG' already exists in Schema 'NACOS'.

2020-06-10 15:43:47,284 INFO Table/View 'CONFIG_INFO_AGGR' already exists in Schema 'NACOS'.

2020-06-10 15:43:47,341 INFO Table/View 'APP_LIST' already exists in Schema 'NACOS'.

2020-06-10 15:43:47,399 INFO Table/View 'APP_CONFIGDATA_RELATION_SUBS' already exists in Schema 'NACOS'.

2020-06-10 15:43:47,457 INFO Table/View 'APP_CONFIGDATA_RELATION_PUBS' already exists in Schema 'NACOS'.

2020-06-10 15:43:47,502 INFO Table/View 'CONFIG_TAGS_RELATION' already exists in Schema 'NACOS'.

2020-06-10 15:43:47,550 INFO Table/View 'GROUP_CAPACITY' already exists in Schema 'NACOS'.

2020-06-10 15:43:47,651 INFO Table/View 'TENANT_CAPACITY' already exists in Schema 'NACOS'.

2020-06-10 15:43:47,707 INFO Table/View 'TENANT_INFO' already exists in Schema 'NACOS'.

2020-06-10 15:43:47,768 INFO Table/View 'USERS' already exists in Schema 'NACOS'.

2020-06-10 15:43:47,826 INFO Table/View 'ROLES' already exists in Schema 'NACOS'.

2020-06-10 15:43:47,915 INFO The statement was aborted because it would have caused a duplicate key value in a unique or primary key constraint or unique index identified by 'SQL200610140249280' defined on 'USERS'.

2020-06-10 15:43:48,144 INFO ServerListService address-server port:8848

2020-06-10 15:43:48,144 INFO ADDRESS_SERVER_URL:http://jmenv.tbsite.net:8080/nacos/serverlist

2020-06-10 15:43:48,145 WARN [serverlist] updated to [169.254.63.71]

2020-06-10 15:43:48,225 WARN DumpService start

2020-06-10 15:43:48,227 INFO start clear all config-info.

2020-06-10 15:43:48,231 WARN clear all config-info failed.

2020-06-10 15:43:48,232 WARN clear all config-info-tenant failed.

2020-06-10 15:43:48,290 INFO start clear all config-info-beta.

2020-06-10 15:43:48,291 WARN clear all config-info-beta failed.

2020-06-10 15:43:48,291 WARN clear all config-info-beta-tenant failed.

2020-06-10 15:43:48,300 INFO start clear all config-info-tag.

2020-06-10 15:43:48,301 WARN clear all config-info-tag failed.

2020-06-10 15:43:48,301 WARN clear all config-info-tag-tenant failed.

