2020-06-10 14:19:01,793 INFO DEFAULT_GROUP@@service-edu is changed, add it to push queue.

2020-06-10 14:23:01,774 INFO DEFAULT_GROUP@@service-edu is changed, add it to push queue.

2020-06-10 14:23:08,845 INFO DEFAULT_GROUP@@service-edu is changed, add it to push queue.

2020-06-10 14:23:45,198 INFO DEFAULT_GROUP@@service-oss is changed, add it to push queue.

2020-06-10 14:43:45,486 INFO DEFAULT_GROUP@@service-oss is changed, add it to push queue.

2020-06-10 14:43:55,725 INFO DEFAULT_GROUP@@service-oss is changed, add it to push queue.

2020-06-10 14:53:12,204 INFO DEFAULT_GROUP@@service-edu is changed, add it to push queue.

2020-06-10 14:53:15,726 INFO DEFAULT_GROUP@@service-oss is changed, add it to push queue.

2020-06-10 14:53:27,489 INFO DEFAULT_GROUP@@service-edu is changed, add it to push queue.

2020-06-10 14:53:30,732 INFO DEFAULT_GROUP@@service-oss is changed, add it to push queue.

2020-06-10 14:53:36,067 INFO DEFAULT_GROUP@@service-edu is changed, add it to push queue.

2020-06-10 14:53:56,566 INFO DEFAULT_GROUP@@service-oss is changed, add it to push queue.

2020-06-10 15:10:03,809 INFO DEFAULT_GROUP@@service-oss is changed, add it to push queue.

2020-06-10 15:10:03,809 INFO serviceName: DEFAULT_GROUP@@service-oss changed, schedule push for: 192.168.0.124:52866, agent: Nacos-Java-Client:v1.1.1, key: 192.168.0.124,52866,1401757165238300

2020-06-10 15:10:03,810 INFO send udp packet: 192.168.0.124,52866,1401757165238300

2020-06-10 15:10:03,823 INFO received ack: {"type": "push-ack", "lastRefTime":"1401757165238300", "data":""} from: 192.168.0.124:, cost: 52866 ms, unacked: 12, total push: 0

2020-06-10 15:20:17,820 INFO DEFAULT_GROUP@@service-edu is changed, add it to push queue.

2020-06-10 15:20:24,268 INFO DEFAULT_GROUP@@service-edu is changed, add it to push queue.

2020-06-10 15:43:50,803 INFO DEFAULT_GROUP@@service-edu is changed, add it to push queue.

2020-06-10 15:43:50,811 INFO DEFAULT_GROUP@@service-oss is changed, add it to push queue.

2020-06-10 15:43:51,960 INFO DEFAULT_GROUP@@service-oss is changed, add it to push queue.

2020-06-10 15:45:02,606 INFO DEFAULT_GROUP@@service-oss is changed, add it to push queue.

2020-06-10 15:45:25,772 INFO DEFAULT_GROUP@@service-oss is changed, add it to push queue.

2020-06-10 15:45:27,253 INFO DEFAULT_GROUP@@service-oss is changed, add it to push queue.

2020-06-10 15:45:30,771 INFO DEFAULT_GROUP@@service-edu is changed, add it to push queue.

2020-06-10 15:45:32,664 INFO DEFAULT_GROUP@@service-edu is changed, add it to push queue.

2020-06-10 15:58:15,953 INFO DEFAULT_GROUP@@service-oss is changed, add it to push queue.

2020-06-10 15:58:20,953 INFO DEFAULT_GROUP@@service-oss is changed, add it to push queue.

2020-06-10 15:58:24,543 INFO DEFAULT_GROUP@@service-oss is changed, add it to push queue.

2020-06-10 15:58:36,056 INFO DEFAULT_GROUP@@service-oss is changed, add it to push queue.

2020-06-10 15:58:45,958 INFO DEFAULT_GROUP@@service-edu is changed, add it to push queue.

2020-06-10 15:58:49,132 INFO DEFAULT_GROUP@@service-edu is changed, add it to push queue.

2020-06-10 16:03:11,012 INFO DEFAULT_GROUP@@service-edu is changed, add it to push queue.

2020-06-10 16:03:14,307 INFO DEFAULT_GROUP@@service-edu is changed, add it to push queue.

2020-06-10 16:12:36,128 INFO DEFAULT_GROUP@@service-edu is changed, add it to push queue.

2020-06-10 16:12:48,061 INFO DEFAULT_GROUP@@service-edu is changed, add it to push queue.

2020-06-10 16:12:51,223 INFO DEFAULT_GROUP@@service-oss is changed, add it to push queue.

2020-06-10 16:12:57,625 INFO DEFAULT_GROUP@@service-oss is changed, add it to push queue.

2020-06-10 16:14:31,155 INFO DEFAULT_GROUP@@service-edu is changed, add it to push queue.

2020-06-10 16:14:31,245 INFO DEFAULT_GROUP@@service-oss is changed, add it to push queue.

2020-06-10 16:14:40,721 INFO DEFAULT_GROUP@@service-edu is changed, add it to push queue.

2020-06-10 16:14:45,668 INFO DEFAULT_GROUP@@service-oss is changed, add it to push queue.

2020-06-10 16:16:13,264 INFO DEFAULT_GROUP@@service-oss is changed, add it to push queue.

2020-06-10 16:16:13,264 INFO serviceName: DEFAULT_GROUP@@service-oss changed, schedule push for: 192.168.56.1:63519, agent: Nacos-Java-Client:v1.1.1, key: 192.168.56.1,63519,3230367029500

2020-06-10 16:16:13,265 INFO send udp packet: 192.168.56.1,63519,3230367029500

2020-06-10 16:16:13,280 INFO received ack: {"type": "push-ack", "lastRefTime":"3230367029500", "data":""} from: 192.168.56.1:, cost: 63519 ms, unacked: 14, total push: 0

2020-06-10 16:17:41,199 INFO DEFAULT_GROUP@@service-edu is changed, add it to push queue.

2020-06-10 16:17:52,525 INFO DEFAULT_GROUP@@service-edu is changed, add it to push queue.

2020-06-10 16:20:46,244 INFO DEFAULT_GROUP@@service-edu is changed, add it to push queue.

2020-06-10 16:20:49,106 INFO DEFAULT_GROUP@@service-edu is changed, add it to push queue.

2020-06-10 17:02:31,873 INFO DEFAULT_GROUP@@service-oss is changed, add it to push queue.

2020-06-10 17:02:31,873 INFO serviceName: DEFAULT_GROUP@@service-oss changed, schedule push for: 192.168.56.1:57899, agent: Nacos-Java-Client:v1.1.1, key: 192.168.56.1,57899,6008976572100

2020-06-10 17:02:31,873 INFO send udp packet: 192.168.56.1,57899,6008976572100

2020-06-10 17:02:31,883 INFO received ack: {"type": "push-ack", "lastRefTime":"6008976572100", "data":""} from: 192.168.56.1:, cost: 57899 ms, unacked: 10, total push: 0

2020-06-10 17:02:36,886 INFO DEFAULT_GROUP@@service-oss is changed, add it to push queue.

2020-06-10 17:02:36,886 INFO serviceName: DEFAULT_GROUP@@service-oss changed, schedule push for: 192.168.56.1:57899, agent: Nacos-Java-Client:v1.1.1, key: 192.168.56.1,57899,6013989646400

2020-06-10 17:02:36,886 INFO send udp packet: 192.168.56.1,57899,6013989646400

2020-06-10 17:02:36,890 INFO received ack: {"type": "push-ack", "lastRefTime":"6013989646400", "data":""} from: 192.168.56.1:, cost: 57899 ms, unacked: 4, total push: 0

2020-06-10 17:02:42,312 INFO DEFAULT_GROUP@@service-oss is changed, add it to push queue.

2020-06-10 17:02:42,312 INFO serviceName: DEFAULT_GROUP@@service-oss changed, schedule push for: 192.168.56.1:57899, agent: Nacos-Java-Client:v1.1.1, key: 192.168.56.1,57899,6019414783700

2020-06-10 17:02:42,312 INFO send udp packet: 192.168.56.1,57899,6019414783700

2020-06-10 17:02:42,314 INFO received ack: {"type": "push-ack", "lastRefTime":"6019414783700", "data":""} from: 192.168.56.1:, cost: 57899 ms, unacked: 2, total push: 0

2020-06-10 17:02:46,883 INFO DEFAULT_GROUP@@service-oss is changed, add it to push queue.

2020-06-10 17:02:46,883 INFO serviceName: DEFAULT_GROUP@@service-oss changed, schedule push for: 192.168.56.1:57899, agent: Nacos-Java-Client:v1.1.1, key: 192.168.56.1,57899,6023986170800

2020-06-10 17:02:46,883 INFO send udp packet: 192.168.56.1,57899,6023986170800

2020-06-10 17:02:46,886 INFO received ack: {"type": "push-ack", "lastRefTime":"6023986170800", "data":""} from: 192.168.56.1:, cost: 57899 ms, unacked: 3, total push: 0

2020-06-10 17:12:28,387 INFO DEFAULT_GROUP@@service-oss is changed, add it to push queue.

2020-06-10 17:12:28,387 INFO serviceName: DEFAULT_GROUP@@service-oss changed, schedule push for: 192.168.56.1:57899, agent: Nacos-Java-Client:v1.1.1, key: 192.168.56.1,57899,6605489457700

2020-06-10 17:12:28,387 INFO send udp packet: 192.168.56.1,57899,6605489457700

2020-06-10 17:12:28,388 INFO received ack: {"type": "push-ack", "lastRefTime":"6605489457700", "data":""} from: 192.168.56.1:, cost: 57899 ms, unacked: 1, total push: 0

2020-06-10 17:20:11,317 INFO DEFAULT_GROUP@@service-oss is changed, add it to push queue.

2020-06-10 17:20:11,317 INFO serviceName: DEFAULT_GROUP@@service-oss changed, schedule push for: 192.168.56.1:57899, agent: Nacos-Java-Client:v1.1.1, key: 192.168.56.1,57899,7068420392100

2020-06-10 17:20:11,317 INFO send udp packet: 192.168.56.1,57899,7068420392100

2020-06-10 17:20:11,318 INFO received ack: {"type": "push-ack", "lastRefTime":"7068420392100", "data":""} from: 192.168.56.1:, cost: 57899 ms, unacked: 1, total push: 0

2020-06-10 17:36:57,490 INFO DEFAULT_GROUP@@service-oss is changed, add it to push queue.

2020-06-10 17:36:59,569 INFO DEFAULT_GROUP@@service-oss is changed, add it to push queue.

2020-06-10 17:37:02,493 INFO DEFAULT_GROUP@@service-edu is changed, add it to push queue.

2020-06-10 17:37:10,620 INFO DEFAULT_GROUP@@service-edu is changed, add it to push queue.

2020-06-10 18:15:48,008 INFO DEFAULT_GROUP@@service-edu is changed, add it to push queue.

2020-06-10 18:15:48,008 INFO DEFAULT_GROUP@@service-oss is changed, add it to push queue.

2020-06-10 18:16:03,016 INFO DEFAULT_GROUP@@service-oss is changed, add it to push queue.

2020-06-10 18:16:03,016 INFO DEFAULT_GROUP@@service-edu is changed, add it to push queue.

2020-06-10 18:16:06,892 INFO DEFAULT_GROUP@@service-oss is changed, add it to push queue.

2020-06-10 18:16:18,596 INFO DEFAULT_GROUP@@service-edu is changed, add it to push queue.

2020-06-10 18:16:23,018 INFO DEFAULT_GROUP@@service-oss is changed, add it to push queue.

2020-06-10 18:16:27,276 INFO DEFAULT_GROUP@@service-oss is changed, add it to push queue.

2020-06-10 18:16:38,030 INFO DEFAULT_GROUP@@service-oss is changed, add it to push queue.

2020-06-10 18:17:43,038 INFO DEFAULT_GROUP@@service-edu is changed, add it to push queue.

2020-06-10 18:17:47,864 INFO DEFAULT_GROUP@@service-edu is changed, add it to push queue.

2020-06-10 18:20:58,093 INFO DEFAULT_GROUP@@service-edu is changed, add it to push queue.

2020-06-10 18:21:05,126 INFO DEFAULT_GROUP@@service-edu is changed, add it to push queue.

