2020-06-10 14:03:19,949 INFO PERFORMANCE:|0|0|-1|-1

2020-06-10 14:08:19,951 INFO PERFORMANCE:|0|0|-1|-1

2020-06-10 14:13:19,953 INFO PERFORMANCE:|0|0|-1|-1

2020-06-10 14:18:19,954 INFO PERFORMANCE:|0|0|-1|-1

2020-06-10 14:23:19,955 INFO PERFORMANCE:|1|1|-1|-1

2020-06-10 14:28:19,956 INFO PERFORMANCE:|2|2|-1|-1

2020-06-10 14:33:19,958 INFO PERFORMANCE:|2|2|-1|-1

2020-06-10 14:38:19,958 INFO PERFORMANCE:|2|2|-1|-1

2020-06-10 14:43:19,960 INFO PERFORMANCE:|2|2|-1|-1

2020-06-10 14:48:19,961 INFO PERFORMANCE:|2|2|-1|-1

2020-06-10 14:53:19,963 INFO PERFORMANCE:|2|2|-1|-1

2020-06-10 14:58:19,965 INFO PERFORMANCE:|2|2|-1|-1

2020-06-10 15:03:19,966 INFO PERFORMANCE:|2|2|-1|-1

2020-06-10 15:08:19,968 INFO PERFORMANCE:|2|2|-1|-1

2020-06-10 15:13:19,970 INFO PERFORMANCE:|2|3|-1|-1

2020-06-10 15:18:19,972 INFO PERFORMANCE:|2|3|-1|-1

2020-06-10 15:44:18,333 INFO PERFORMANCE:|2|3|-1|-1

2020-06-10 15:49:18,339 INFO PERFORMANCE:|2|3|-1|-1

2020-06-10 15:54:18,340 INFO PERFORMANCE:|2|3|-1|-1

2020-06-10 15:59:18,341 INFO PERFORMANCE:|2|2|-1|-1

2020-06-10 16:04:18,341 INFO PERFORMANCE:|2|2|-1|-1

2020-06-10 16:09:18,343 INFO PERFORMANCE:|2|2|-1|-1

2020-06-10 16:14:18,345 INFO PERFORMANCE:|2|2|-1|-1

2020-06-10 16:19:18,346 INFO PERFORMANCE:|2|3|-1|-1

2020-06-10 16:24:18,347 INFO PERFORMANCE:|2|3|-1|-1

2020-06-10 16:29:18,349 INFO PERFORMANCE:|2|3|-1|-1

2020-06-10 16:34:18,350 INFO PERFORMANCE:|2|3|-1|-1

2020-06-10 16:39:18,352 INFO PERFORMANCE:|2|3|-1|-1

2020-06-10 16:44:18,353 INFO PERFORMANCE:|2|3|-1|-1

2020-06-10 16:49:18,354 INFO PERFORMANCE:|2|3|-1|-1

2020-06-10 16:54:18,356 INFO PERFORMANCE:|2|3|-1|-1

2020-06-10 16:59:18,357 INFO PERFORMANCE:|2|3|-1|-1

2020-06-10 17:04:18,359 INFO PERFORMANCE:|2|2|-1|-1

2020-06-10 17:09:18,360 INFO PERFORMANCE:|2|2|-1|-1

2020-06-10 17:14:18,363 INFO PERFORMANCE:|2|2|-1|-1

2020-06-10 17:19:18,365 INFO PERFORMANCE:|2|2|-1|-1

2020-06-10 17:24:18,369 INFO PERFORMANCE:|2|2|-1|-1

2020-06-10 17:29:18,371 INFO PERFORMANCE:|2|2|-1|-1

2020-06-10 17:34:18,372 INFO PERFORMANCE:|2|2|-1|-1

2020-06-10 17:39:18,374 INFO PERFORMANCE:|2|2|-1|-1

2020-06-10 17:44:18,375 INFO PERFORMANCE:|2|2|-1|-1

2020-06-10 17:49:18,375 INFO PERFORMANCE:|2|2|-1|-1

2020-06-10 17:54:18,376 INFO PERFORMANCE:|2|2|-1|-1

2020-06-10 17:59:18,377 INFO PERFORMANCE:|2|2|-1|-1

2020-06-10 18:04:18,379 INFO PERFORMANCE:|2|2|-1|-1

2020-06-10 18:09:18,381 INFO PERFORMANCE:|2|2|-1|-1

2020-06-10 18:14:18,383 INFO PERFORMANCE:|2|2|-1|-1

2020-06-10 18:19:18,384 INFO PERFORMANCE:|2|2|-1|-1

2020-06-10 18:24:18,385 INFO PERFORMANCE:|2|2|-1|-1

2020-06-10 18:29:18,386 INFO PERFORMANCE:|2|2|-1|-1

2020-06-10 18:34:18,389 INFO PERFORMANCE:|2|2|-1|-1

